Arguments: 
  /home/hyperubuntu/.nvm/versions/node/v8.12.0/bin/node /usr/share/yarn/bin/yarn.js start

PATH: 
  /tmp/yarn--1549087117728-0.06474762787646582:/home/hyperubuntu/Desktop/fabric-material/pharma-app/node_modules/.bin:/home/hyperubuntu/.config/yarn/link/node_modules/.bin:/home/hyperubuntu/Desktop/fabric-material/pharma-app/node_modules/.bin:/home/hyperubuntu/.config/yarn/link/node_modules/.bin:/home/hyperubuntu/.nvm/versions/node/v8.12.0/libexec/lib/node_modules/npm/bin/node-gyp-bin:/home/hyperubuntu/.nvm/versions/node/v8.12.0/lib/node_modules/npm/bin/node-gyp-bin:/home/hyperubuntu/.nvm/versions/node/v8.12.0/bin/node_modules/npm/bin/node-gyp-bin:/tmp/yarn--1549087116812-0.897969981226536:/home/hyperubuntu/Desktop/fabric-material/pharma-app/node_modules/.bin:/home/hyperubuntu/.config/yarn/link/node_modules/.bin:/home/hyperubuntu/Desktop/fabric-material/pharma-app/node_modules/.bin:/home/hyperubuntu/.config/yarn/link/node_modules/.bin:/home/hyperubuntu/.yarn/bin:/home/hyperubuntu/.nvm/versions/node/v8.12.0/libexec/lib/node_modules/npm/bin/node-gyp-bin:/home/hyperubuntu/.nvm/versions/node/v8.12.0/lib/node_modules/npm/bin/node-gyp-bin:/home/hyperubuntu/.nvm/versions/node/v8.12.0/bin/node_modules/npm/bin/node-gyp-bin:/home/hyperubuntu/.nvm/versions/node/v8.12.0/bin:/home/hyperubuntu/.local/bin:/usr/local/sbin:/usr/local/bin:/usr/sbin:/usr/bin:/sbin:/bin:/usr/games:/usr/local/games:/snap/bin:/usr/local/go/bin:/home/hyperubuntu/go/bin

Yarn version: 
  1.13.0

Node version: 
  8.12.0

Platform: 
  linux x64

Trace: 
  SyntaxError: /home/hyperubuntu/Desktop/fabric-material/pharma-app/client/package.json: Unexpected string in JSON at position 768
      at JSON.parse (<anonymous>)
      at /usr/share/yarn/lib/cli.js:1625:59
      at Generator.next (<anonymous>)
      at step (/usr/share/yarn/lib/cli.js:304:30)
      at /usr/share/yarn/lib/cli.js:315:13
      at <anonymous>

npm manifest: 
  {
    "name": "final",
    "version": "0.1.0",
    "private": true,
    "dependencies": {
      "bootstrap": "^4.2.1",
      "jquery": "^3.3.1",
      "mdbreact": "^4.9.0",
      "popper.js": "^1.14.6",
      "react": "^16.7.0",
      "react-bootstrap": "^0.32.4",
      "react-bootstrap-table": "^4.3.1",
      "react-burger-menu": "^2.6.1",
      "react-dom": "^16.7.0",
      "react-scripts": "2.1.3",
      "react-sidenav": "^3.1.3",
      "react-sliding-pane": "^3.1.0"
    },
    "scripts": {
      "start": "PORT=3006 react-scripts start",
      "build": "react-scripts build",
      "test": "react-scripts test",
      "eject": "react-scripts eject"
    },
    "eslintConfig": {
      "extends": "react-app"
    },
    "browserslist": [
      ">0.2%",
      "not dead",
      "not ie <= 11",
      "not op_mini all"
    ]
    "proxy": "http://localhost:5000/"
  }

yarn manifest: 
  No manifest

Lockfile: 
  No lockfile
